#
# A fatal error has been detected by the Java Runtime Environment:
#
#  EXCEPTION_ACCESS_VIOLATION (0xc0000005) at pc=0x00007ffda750c294, pid=9040, tid=8884
#
# JRE version: Java(TM) SE Runtime Environment (17.0.9+11) (build 17.0.9+11-LTS-201)
# Java VM: Java HotSpot(TM) 64-Bit Server VM (17.0.9+11-LTS-201, mixed mode, sharing, tiered, compressed oops, compressed class ptrs, g1 gc, windows-amd64)
# Problematic frame:
# C  [cyjagent.dll+0xc294]
#
# No core dump will be written. Minidumps are not enabled by default on client versions of Windows
#
# If you would like to submit a bug report, please visit:
#   https://bugreport.java.com/bugreport/crash.jsp
# The crash happened outside the Java Virtual Machine in native code.
# See problematic frame for where to report the bug.
#

---------------  S U M M A R Y ------------

Command Line: -javaagent:C:\Program Files\JetBrains\IntelliJ IDEA 2023.2.5\lib\idea_rt.jar=55531:C:\Program Files\JetBrains\IntelliJ IDEA 2023.2.5\bin -Dfile.encoding=UTF-8 -agentpath:C:\Program Files\Palo Alto Networks\Traps\cyjagent.dll dynamicProgramming.PartitionDp.MCM

Host: Intel(R) Core(TM) i7-6600U CPU @ 2.60GHz, 4 cores, 15G,  Windows 10 , 64 bit Build 19041 (10.0.19041.3636)
Time: Sat Apr 27 22:58:44 2024 India Standard Time elapsed time: 0.303493 seconds (0d 0h 0m 0s)

---------------  T H R E A D  ---------------

Current thread (0x000001b5e0895d40):  JavaThread "Monitor Ctrl-Break" daemon [_thread_in_native, id=8884, stack(0x0000002f31800000,0x0000002f31900000)]

Stack: [0x0000002f31800000,0x0000002f31900000],  sp=0x0000002f318fd880,  free space=1014k
Native frames: (J=compiled Java code, j=interpreted, Vv=VM code, C=native code)
C  [cyjagent.dll+0xc294]

Java frames: (J=compiled Java code, j=interpreted, Vv=VM code)
j  java.lang.Class.forName0(Ljava/lang/String;ZLjava/lang/ClassLoader;Ljava/lang/Class;)Ljava/lang/Class;+0 java.base@17.0.9
j  java.lang.Class.forName(Ljava/lang/String;)Ljava/lang/Class;+11 java.base@17.0.9
j  java.net.InetAddress.loadImpl(Ljava/lang/String;)Ljava/net/InetAddressImpl;+35 java.base@17.0.9
j  java.net.InetAddressImplFactory.create()Ljava/net/InetAddressImpl;+13 java.base@17.0.9
j  java.net.InetAddress.<clinit>()V+112 java.base@17.0.9
v  ~StubRoutines::call_stub
j  java.net.InetSocketAddress.<init>(Ljava/lang/String;I)V+15 java.base@17.0.9
j  java.net.Socket.<init>(Ljava/lang/String;I)V+11 java.base@17.0.9
j  com.intellij.rt.execution.application.AppMainV2$1.run()V+10
v  ~StubRoutines::call_stub

siginfo: EXCEPTION_ACCESS_VIOLATION (0xc0000005), reading address 0x0000000000000000


Register to memory mapping:

RIP=0x00007ffda750c294 cyjagent.dll
RAX=0x0 is NULL
RBX=0x000001b5e0895ff0 points into unknown readable memory: 0x00007ffd535f4660 | 60 46 5f 53 fd 7f 00 00
RCX=0x0 is NULL
RDX=0x000001b5bbb02040 points into unknown readable memory: 0x000001b5e0895d40 | 40 5d 89 e0 b5 01 00 00
RSP=0x0000002f318fd880 is pointing into the stack for thread: 0x000001b5e0895d40
RBP=0x000001b5bdbbf8d0 points into unknown readable memory: 0x000001b5bdb25f90 | 90 5f b2 bd b5 01 00 00
RSI=0x0 is NULL
RDI=0x000001b5e0adbd30 points into unknown readable memory: 0x74656e2f6176616a | 6a 61 76 61 2f 6e 65 74
R8 =0x0000002f318fd6f8 is pointing into the stack for thread: 0x000001b5e0895d40
R9 =0x000001b5bdbbf8d0 points into unknown readable memory: 0x000001b5bdb25f90 | 90 5f b2 bd b5 01 00 00
R10=0x0 is NULL
R11=0x0000000000000246 is an unknown value
R12=0x000001b5e0adbd30 points into unknown readable memory: 0x74656e2f6176616a | 6a 61 76 61 2f 6e 65 74
R13=0x0 is NULL
R14=0x0000002f318fdaa0 is pointing into the stack for thread: 0x000001b5e0895d40
R15=0x0 is NULL


Registers:
RAX=0x0000000000000000, RBX=0x000001b5e0895ff0, RCX=0x0000000000000000, RDX=0x000001b5bbb02040
RSP=0x0000002f318fd880, RBP=0x000001b5bdbbf8d0, RSI=0x0000000000000000, RDI=0x000001b5e0adbd30
R8 =0x0000002f318fd6f8, R9 =0x000001b5bdbbf8d0, R10=0x0000000000000000, R11=0x0000000000000246
R12=0x000001b5e0adbd30, R13=0x0000000000000000, R14=0x0000002f318fdaa0, R15=0x0000000000000000
RIP=0x00007ffda750c294, EFLAGS=0x0000000000010202

Top of Stack: (sp=0x0000002f318fd880)
0x0000002f318fd880:   000001b5e0adbd30 000001b5e0895ff0
0x0000002f318fd890:   0000000000000000 00007ffd52f595ca
0x0000002f318fd8a0:   0000000000000000 0000000000000000
0x0000002f318fd8b0:   000001b5e157d9e0 000001b5bdbbf8d0
0x0000002f318fd8c0:   0000000000000019 000001b5e0781990
0x0000002f318fd8d0:   000001b5be199ac0 000001b5e0895d40
0x0000002f318fd8e0:   0000002f318fdad8 00007ffd5307560c
0x0000002f318fd8f0:   000001b5be199ac0 000001b5e0895d40
0x0000002f318fd900:   0000000000000000 0000000000000bc7
0x0000002f318fd910:   000001b5e0adbd30 0000000000000000
0x0000002f318fd920:   000001b500000bc7 000001b5e0adb130
0x0000002f318fd930:   0000002f318fda28 0000002f318fd948
0x0000002f318fd940:   0000000000000000 0000000000000000
0x0000002f318fd950:   0000000000000000 0000000000000000
0x0000002f318fd960:   000001b5e0ab6d70 000001b5e0adb120
0x0000002f318fd970:   000001b5e0adbd50 000001b5e0ae3108 

Instructions: (pc=0x00007ffda750c294)
0x00007ffda750c194:   00 00 03 72 2d 44 8b ce 48 8d 05 6d df 01 00 ba
0x00007ffda750c1a4:   2f 00 00 00 4e 8b 0c c8 48 8b 89 f0 02 00 00 4c
0x00007ffda750c1b4:   8d 05 86 de 01 00 e8 81 4f ff ff 48 8b 0d 1a 38
0x00007ffda750c1c4:   02 00 48 3b cb 74 68 f6 81 fc 02 00 00 10 74 5f
0x00007ffda750c1d4:   80 b9 f9 02 00 00 02 72 56 4c 8b 8c 24 90 00 00
0x00007ffda750c1e4:   00 4c 8d 05 54 de 01 00 48 8b 89 f0 02 00 00 ba
0x00007ffda750c1f4:   31 00 00 00 e8 43 4f ff ff eb 34 49 8b 0f 4c 8b
0x00007ffda750c204:   c3 48 8b d6 e8 f3 63 00 00 48 8b 84 24 b0 00 00
0x00007ffda750c214:   00 89 18 48 8b 0d aa 4b 02 00 4c 8b c6 33 d2 ff
0x00007ffda750c224:   15 9f 4f 01 00 eb 08 a8 02 75 04 c6 47 40 01 b8
0x00007ffda750c234:   ff ff ff ff f0 0f c1 47 10 4c 8b b4 24 88 00 00
0x00007ffda750c244:   00 83 f8 01 75 42 48 8b 4f 18 48 81 c1 70 01 00
0x00007ffda750c254:   00 ff 15 4d 50 01 00 48 8b 0f 48 8b 47 08 48 89
0x00007ffda750c264:   08 48 89 41 08 48 8b 4f 18 48 81 c1 70 01 00 00
0x00007ffda750c274:   ff 15 36 50 01 00 48 8b 0d 47 4b 02 00 4c 8b c7
0x00007ffda750c284:   33 d2 ff 15 3c 4f 01 00 48 8b 4d 20 48 8b 55 10
0x00007ffda750c294:   48 8b 01 48 8b 80 08 01 00 00 ff 15 3c 50 01 00
0x00007ffda750c2a4:   85 c0 74 40 48 8b 0d 31 37 02 00 48 8d 15 2a 37
0x00007ffda750c2b4:   02 00 48 3b ca 74 2d f6 81 fc 02 00 00 10 74 24
0x00007ffda750c2c4:   80 b9 f9 02 00 00 03 72 1b 48 8b 89 f0 02 00 00
0x00007ffda750c2d4:   4c 8d 05 65 dd 01 00 ba 15 00 00 00 44 8b c8 e8
0x00007ffda750c2e4:   98 4d ff ff 48 8b 6c 24 78 48 8b b4 24 80 00 00
0x00007ffda750c2f4:   00 48 83 c4 50 41 5f 5f 5b c3 cc cc 40 57 48 83
0x00007ffda750c304:   ec 30 f6 81 78 01 00 00 04 48 8b f9 0f 85 87 02
0x00007ffda750c314:   00 00 48 89 5c 24 40 45 33 c9 48 89 6c 24 48 33
0x00007ffda750c324:   d2 48 89 74 24 50 48 8b 71 20 45 8d 41 32 48 8b
0x00007ffda750c334:   ce 48 8b 06 48 8b 40 08 ff 15 9e 4f 01 00 48 8d
0x00007ffda750c344:   2d 97 36 02 00 85 c0 74 37 48 8b 0d 8c 36 02 00
0x00007ffda750c354:   48 3b cd 74 2b f6 81 fc 02 00 00 10 74 22 80 b9
0x00007ffda750c364:   f9 02 00 00 02 72 19 48 8b 89 f0 02 00 00 ba 11
0x00007ffda750c374:   00 00 00 89 44 24 20 44 8d 4a 21 e8 7c dc ff ff
0x00007ffda750c384:   48 8b 06 45 33 c9 33 d2 48 8b ce 48 8b 40 08 45 


Stack slot to memory mapping:
stack at sp + 0 slots: 0x000001b5e0adbd30 points into unknown readable memory: 0x74656e2f6176616a | 6a 61 76 61 2f 6e 65 74
stack at sp + 1 slots: 0x000001b5e0895ff0 points into unknown readable memory: 0x00007ffd535f4660 | 60 46 5f 53 fd 7f 00 00
stack at sp + 2 slots: 0x0 is NULL
stack at sp + 3 slots: 0x00007ffd52f595ca jvm.dll
stack at sp + 4 slots: 0x0 is NULL
stack at sp + 5 slots: 0x0 is NULL
stack at sp + 6 slots: 0x000001b5e157d9e0 is pointing into metadata
stack at sp + 7 slots: 